Success. Logging you in...
Last login: Thu Nov  4 03:09:40 2021 from 192.168.242.144

                          ***** WARNING NOTICE *****

This system is restricted to AT&T authorized users for business purposes.
Unauthorized access is a violation of the law.
This service may be monitored for administrative and security reasons.
By proceeding, you consent to this monitoring.

[ch466j@lgn-dal-0201 ~]$ ssh 10.16.26.88
No unauthorized changes should be made during store operational hours.
All after hour changes should go through the change notification process.
Please contact The Network Operation Center (x. 10110) or The Store
Network Engineering Team if you have any questions.

ch466j@10.16.26.88's password: 
********************************************************************************
                                  WARNING:
           THIS SYSTEM IS PRIVATE PROPERTY FOR THE USE OF THE HOME DEPOT
                       **** AUTHORIZED USERS ONLY! ****
Any use of this computer network system shall be deemed to be express consent
to monitoring of such use and to such additional monitoring as may be necessary
to identify any unauthorized user. The system administrator or other

representatives of the system owner may monitor system use at any time without
further notice or consent. Unauthorized use of this  system and any other
criminal conduct revealed by such use is subject to disclosure to law 
enforcement officials and prosecution to the full extent of  the law. 
Unauthorized access is a violation of state and federal, civil and criminal 
laws. 
********************************************************************************
 

Your previous successful login (as manager) was on 2021-11-05 18:39:11     
 from 10.131.5.134

Running configuration:

; hpStack_WB Configuration Editor; Created on release #WB.16.09.0015
; Ver #14:21.44.08.15.9b.3f.b3.b8.ee.34.79.3c.29.eb.9f.fc.f3.ff.37.ef:29

stacking
   member 1 type "J9727A" mac-address e0071b-5731c0
   member 2 type "J9727A" mac-address e0071b-57d080
   member 3 type "J9727A" mac-address e0071b-572140
   exit
hostname "swf1.st0564"
qos type-of-service diff-services
console idle-timeout 900
console idle-timeout serial-usb 900
cdp mode pre-standard-voice
est-server "gs-int-prod" "https://att-noct.est.edge.globalsign.com"
est-server "gs-int-prod" re-enrollment-prior-expiry 30
crypto pki enroll-est-certificate "gs-int-prod" certificate-name "radsec_edge_prod" ta-profile "radsec-prod" subject
 common-name "name" country "us" include-serial-number usage radsec-client key-type rsa 2048
crypto pki enroll-est-certificate "gs-int-prod" certificate-name "secure_syslog_prod" ta-profile "syslog-prod" subject
 common-name "name" country "us" include-serial-number usage syslog key-type rsa 2048
aruba-central support-mode enable
dhcp-snooping
no dhcp-snooping option 82
dhcp-snooping vlan 2 10 12-15 25-26 30 44 77 90 555 655 
trunk 1/24,2/24,3/24 trk1 lacp
banner motd "No unauthorized changes should be made during store operational hours.\nAll after hour changes should go
 through the change notification process.\nPlease contact The Network Operation Center (x. 10110) or The Store\nNetwork
 Engineering Team if you have any questions.\n"
banner exec "********************************************************************************\n                            
      WARNING:\n           THIS SYSTEM IS PRIVATE PROPERTY FOR THE USE OF THE HOME DEPOT\n                       ****
 AUTHORIZED USERS ONLY! ****\nAny use of this computer network system shall be deemed to be express consent\nto monitoring
 of such use and to such additional monitoring as may be necessary\nto identify any unauthorized user. The system
 administrator or other\n\nrepresentatives of the system owner may monitor system use at any time without\nfurther notice
 or consent. Unauthorized use of this  system and any other\ncriminal conduct revealed by such use is subject to disclosure
 to law \nenforcement officials and prosecution to the full extent of  the law. \nUnauthorized access is a violation of
 state and federal, civil and criminal \nlaws.
 \n******************************************************************************** \n"
logging 165.130.1.11
logging 216.12.248.66
include-credentials
password manager user-name "admin" sha1 "f16b23314c4ca8bf8824dd6f89f18bc99b878d3a"
radius-server host 151.140.101.218 key "d+n23AKVtkHpCy9WSgwzpgHYPtDz9Ugm"
radius-server host 151.140.101.218 dyn-authorization
radius-server host 151.140.101.218 time-window 0
radius-server host 151.140.2.179 key "d+n23AKVtkHpCy9WSgwzpgHYPtDz9Ugm"
radius-server host 151.140.2.179 dyn-authorization
radius-server host 151.140.2.179 time-window 0
radius-server host "secure-radius-sna.wayport.net" tls
radius-server host "secure-radius-dal.wayport.net" tls
radius-server dead-time 10
radius-server retransmit 2
radius-server dyn-autz-port 1700
timesync sntp
sntp unicast
sntp server priority 1 10.162.48.1
tacacs-server host 216.12.248.33 key "LG9a(6UVTlw$"
no telnet-server
no web-management
ip default-gateway 10.162.53.129
ip dns domain-name "swf1.st0564.homedepot.com"
ip dns server-address priority 1 10.162.48.1
ip dns server-address priority 2 151.140.45.135
ip route 10.162.48.1 255.255.255.255 10.162.53.129
ip route 151.140.0.0 255.255.0.0 10.162.53.129
ip route 151.140.1.159 255.255.255.255 10.162.53.129
ip route 151.140.1.185 255.255.255.255 10.162.53.129
ip route 151.140.2.179 255.255.255.255 10.162.53.129
ip route 151.140.40.40 255.255.255.255 10.162.53.129
ip route 151.140.101.218 255.255.255.255 10.162.53.129
ip route 165.130.0.0 255.255.0.0 10.162.53.129
ip route 165.130.1.2 255.255.255.255 10.162.53.129
ip route 165.130.150.125 255.255.255.255 10.162.53.129
ip route 172.19.174.0 255.255.255.0 10.162.53.129
ip route 172.19.175.64 255.255.255.192 10.162.53.129
ip route 172.19.190.0 255.255.255.0 10.162.53.129
ip route 172.19.191.64 255.255.255.192 10.162.53.129
ip route 172.19.206.0 255.255.255.0 10.162.53.129
ip route 172.19.207.64 255.255.255.192 10.162.53.129
ip route 172.19.222.0 255.255.255.0 10.162.53.129
ip route 172.19.223.64 255.255.255.192 10.162.53.129
ip route 172.20.165.8 255.255.255.255 10.162.53.129
ip route 172.24.2.164 255.255.255.255 10.162.53.129
ip route 216.12.232.140 255.255.255.255 10.16.26.81
ip route 216.12.232.156 255.255.255.255 10.16.26.81
ip route 216.12.248.23 255.255.255.255 10.16.26.81
ip route 216.12.248.33 255.255.255.255 10.16.26.81
ip route 216.12.248.66 255.255.255.255 10.16.26.81
ip client-tracker
ip client-tracker probe-delay 25
interface 1/7
   name "Train Corp Sec"
   exit
interface 1/8
   name "Train Corp Sec"
   exit
interface 1/15
   name "Train Corp Sec"
   exit
interface 1/16
   name "Train Corp Sec"
   exit
interface 1/17
   dhcp-snooping trust
   name "Train Corp Sec"
   arp-protect trust
   exit
interface 1/19
   dhcp-snooping trust
   name "Train Corp Sec"
   arp-protect trust
   exit
interface 1/20
   dhcp-snooping trust
   name "Train Corp Sec"
   arp-protect trust
   exit
interface 1/21
   arp-protect trust
   exit
interface 1/22
   dhcp-snooping trust
   name "Train Corp Sec"
   arp-protect trust
   exit
interface 1/23
   dhcp-snooping trust
   poe-allocate-by value
   poe-value 33
   arp-protect trust
   exit
interface 1/24
   no power-over-ethernet
   exit
interface 2/3
   name "Train Corp Sec"
   exit
interface 2/7
   arp-protect trust
   exit
interface 2/8
   arp-protect trust
   exit
interface 2/17
   name "Train Corp Sec"
   exit
interface 2/18
   no power-over-ethernet
   exit
interface 2/19
   name "Train Corp Sec"
   exit
interface 2/20
   dhcp-snooping trust
   poe-allocate-by value
   poe-value 33
   arp-protect trust
   exit
interface 2/21
   dhcp-snooping trust
   poe-allocate-by value
   poe-value 33
   arp-protect trust
   exit
interface 2/22
   dhcp-snooping trust
   poe-allocate-by value
   poe-value 33
   arp-protect trust
   exit
interface 2/23
   dhcp-snooping trust
   poe-allocate-by value
   poe-value 33
   arp-protect trust
   exit
interface 2/24
   no power-over-ethernet
   exit
interface 3/4
   name "Train Corp Sec"
   exit
interface 3/5
   name "Train Corp Sec"
   exit
interface 3/6
   name "Train Corp Sec"
   exit
interface 3/8
   name "Train Corp Sec"
   exit
interface 3/14
   name "Train Corp Sec"
   exit
interface 3/15
   name "Train Corp Sec"
   arp-protect trust
   exit
interface 3/16
   name "Train Corp Sec"
   exit
interface 3/17
   name "Train Corp Sec"
   exit
interface 3/18
   name "Train Corp Sec"
   exit
interface 3/19
   name "Train Corp Sec"
   exit
interface 3/20
   dhcp-snooping trust
   poe-allocate-by value
   poe-value 33
   arp-protect trust
   exit
interface 3/21
   dhcp-snooping trust
   poe-allocate-by value
   poe-value 33
   arp-protect trust
   exit
interface 3/22
   dhcp-snooping trust
   poe-allocate-by value
   poe-value 33
   exit
interface 3/23
   dhcp-snooping trust
   poe-allocate-by value
   poe-value 33
   arp-protect trust
   exit
interface 3/24
   no power-over-ethernet
   exit
interface Trk1
   dhcp-snooping trust
   arp-protect trust
   exit
snmp-server community "H2SO4" operator unrestricted
snmp-server community "NaC6H12" operator
snmp-server community "koESwia1" operator
snmp-server community "7UGfPWDgC*fk" operator unrestricted
snmp-server community "rf6758r76f5v" operator unrestricted
snmp-server host 151.140.101.218 community "koESwia1"
snmp-server host 151.140.2.179 community "koESwia1"
snmpv3 engineid "00:00:00:0b:00:00:e0:07:1b:57:d0:a3"
snmpv3 enable
snmpv3 group managerpriv user "m01620" sec-model ver3
snmpv3 group managerpriv user "thd-slne" sec-model ver3
snmpv3 user "m01620" auth sha "c3b403dd7df22d853a6543c5570c5b5ab2b43d93" priv aes "c3b403dd7df22d853a6543c5570c5b5a"
snmpv3 user "thd-slne" auth sha "287e873dbd4230c45500b892abf0971436c9f5f8" priv aes "287e873dbd4230c45500b892abf09714"
aaa server-group radius "Cust-RADIUS" host 151.140.101.218
aaa server-group radius "Cust-RADIUS" host 151.140.2.179
aaa server-group radius "RADSEC" host "secure-radius-sna.wayport.net" tls
aaa server-group radius "RADSEC" host "secure-radius-dal.wayport.net" tls
aaa server-group radius "RADSEC" nas-id "a036000000lCb2M_0564"
aaa accounting commands interim-update radius server-group "RADSEC"
aaa accounting exec start-stop radius server-group "RADSEC"
aaa accounting network start-stop radius server-group "Cust-RADIUS"
aaa authentication login privilege-mode
aaa authentication console login radius server-group "RADSEC" local
aaa authentication console enable radius server-group "RADSEC" local
aaa authentication ssh login radius server-group "RADSEC" local
aaa authentication ssh enable radius server-group "RADSEC" local
aaa authentication port-access eap-radius server-group "Cust-RADIUS" cached-reauth
aaa authentication mac-based chap-radius server-group "Cust-RADIUS" cached-reauth
aaa authentication allow-vlan tagged
aaa port-access authenticator 1/1 reauth-period 3600
aaa port-access authenticator 1/1 client-limit 2
aaa port-access authenticator 1/1 cached-reauth-period 259200
aaa port-access authenticator 1/2 reauth-period 3600
aaa port-access authenticator 1/2 client-limit 2
aaa port-access authenticator 1/2 cached-reauth-period 259200
aaa port-access authenticator 1/3 reauth-period 3600
aaa port-access authenticator 1/3 client-limit 2
aaa port-access authenticator 1/3 cached-reauth-period 259200
aaa port-access authenticator 1/4 reauth-period 3600
aaa port-access authenticator 1/4 client-limit 2
aaa port-access authenticator 1/4 cached-reauth-period 259200
aaa port-access authenticator 1/5 reauth-period 3600
aaa port-access authenticator 1/5 client-limit 2
aaa port-access authenticator 1/5 cached-reauth-period 259200
aaa port-access authenticator 1/6 reauth-period 3600
aaa port-access authenticator 1/6 client-limit 2
aaa port-access authenticator 1/6 cached-reauth-period 259200
aaa port-access authenticator 1/7 reauth-period 3600
aaa port-access authenticator 1/7 client-limit 2
aaa port-access authenticator 1/7 cached-reauth-period 259200
aaa port-access authenticator 1/8 reauth-period 3600
aaa port-access authenticator 1/8 client-limit 2
aaa port-access authenticator 1/8 cached-reauth-period 259200
aaa port-access authenticator 1/9 reauth-period 3600
aaa port-access authenticator 1/9 client-limit 2
aaa port-access authenticator 1/9 cached-reauth-period 259200
aaa port-access authenticator 1/10 reauth-period 3600
aaa port-access authenticator 1/10 client-limit 2
aaa port-access authenticator 1/10 cached-reauth-period 259200
aaa port-access authenticator 1/11 reauth-period 3600
aaa port-access authenticator 1/11 client-limit 2
aaa port-access authenticator 1/11 cached-reauth-period 259200
aaa port-access authenticator 1/12 reauth-period 3600
aaa port-access authenticator 1/12 client-limit 2
aaa port-access authenticator 1/12 cached-reauth-period 259200
aaa port-access authenticator 1/13 reauth-period 3600
aaa port-access authenticator 1/13 client-limit 2
aaa port-access authenticator 1/13 cached-reauth-period 259200
aaa port-access authenticator 1/14 reauth-period 3600
aaa port-access authenticator 1/14 client-limit 2
aaa port-access authenticator 1/14 cached-reauth-period 259200
aaa port-access authenticator 1/15 reauth-period 3600
aaa port-access authenticator 1/15 client-limit 2
aaa port-access authenticator 1/15 cached-reauth-period 259200
aaa port-access authenticator 1/16 reauth-period 3600
aaa port-access authenticator 1/16 client-limit 2
aaa port-access authenticator 1/16 cached-reauth-period 259200
aaa port-access authenticator 1/17 reauth-period 3600
aaa port-access authenticator 1/17 client-limit 2
aaa port-access authenticator 1/17 cached-reauth-period 259200
aaa port-access authenticator 1/18 reauth-period 3600
aaa port-access authenticator 1/18 client-limit 2
aaa port-access authenticator 1/18 cached-reauth-period 259200
aaa port-access authenticator 1/19 reauth-period 3600
aaa port-access authenticator 1/19 client-limit 2
aaa port-access authenticator 1/19 cached-reauth-period 259200
aaa port-access authenticator 2/1 reauth-period 3600
aaa port-access authenticator 2/1 client-limit 2
aaa port-access authenticator 2/1 cached-reauth-period 259200
aaa port-access authenticator 2/2 reauth-period 3600
aaa port-access authenticator 2/2 client-limit 2
aaa port-access authenticator 2/2 cached-reauth-period 259200
aaa port-access authenticator 2/3 reauth-period 3600
aaa port-access authenticator 2/3 client-limit 2
aaa port-access authenticator 2/3 cached-reauth-period 259200
aaa port-access authenticator 2/4 reauth-period 3600
aaa port-access authenticator 2/4 client-limit 2
aaa port-access authenticator 2/4 cached-reauth-period 259200
aaa port-access authenticator 2/5 reauth-period 3600
aaa port-access authenticator 2/5 client-limit 2
aaa port-access authenticator 2/5 cached-reauth-period 259200
aaa port-access authenticator 2/6 reauth-period 3600
aaa port-access authenticator 2/6 client-limit 2
aaa port-access authenticator 2/6 cached-reauth-period 259200
aaa port-access authenticator 2/7 reauth-period 3600
aaa port-access authenticator 2/7 client-limit 2
aaa port-access authenticator 2/7 cached-reauth-period 259200
aaa port-access authenticator 2/8 reauth-period 3600
aaa port-access authenticator 2/8 client-limit 2
aaa port-access authenticator 2/8 cached-reauth-period 259200
aaa port-access authenticator 2/9 reauth-period 3600
aaa port-access authenticator 2/9 client-limit 2
aaa port-access authenticator 2/9 cached-reauth-period 259200
aaa port-access authenticator 2/10 reauth-period 3600
aaa port-access authenticator 2/10 client-limit 2
aaa port-access authenticator 2/10 cached-reauth-period 259200
aaa port-access authenticator 2/11 reauth-period 3600
aaa port-access authenticator 2/11 client-limit 2
aaa port-access authenticator 2/11 cached-reauth-period 259200
aaa port-access authenticator 2/12 reauth-period 3600
aaa port-access authenticator 2/12 client-limit 2
aaa port-access authenticator 2/12 cached-reauth-period 259200
aaa port-access authenticator 2/13 reauth-period 3600
aaa port-access authenticator 2/13 client-limit 2
aaa port-access authenticator 2/13 cached-reauth-period 259200
aaa port-access authenticator 2/14 reauth-period 3600
aaa port-access authenticator 2/14 client-limit 2
aaa port-access authenticator 2/14 cached-reauth-period 259200
aaa port-access authenticator 2/15 reauth-period 3600
aaa port-access authenticator 2/15 client-limit 2
aaa port-access authenticator 2/15 cached-reauth-period 259200
aaa port-access authenticator 2/16 reauth-period 3600
aaa port-access authenticator 2/16 client-limit 2
aaa port-access authenticator 2/16 cached-reauth-period 259200
aaa port-access authenticator 2/17 reauth-period 3600
aaa port-access authenticator 2/17 client-limit 2
aaa port-access authenticator 2/17 cached-reauth-period 259200
aaa port-access authenticator 2/18 reauth-period 3600
aaa port-access authenticator 2/18 client-limit 2
aaa port-access authenticator 2/18 cached-reauth-period 259200
aaa port-access authenticator 2/19 reauth-period 3600
aaa port-access authenticator 2/19 client-limit 2
aaa port-access authenticator 2/19 cached-reauth-period 259200
aaa port-access authenticator 3/1 reauth-period 3600
aaa port-access authenticator 3/1 client-limit 2
aaa port-access authenticator 3/1 cached-reauth-period 259200
aaa port-access authenticator 3/2 reauth-period 3600
aaa port-access authenticator 3/2 client-limit 2
aaa port-access authenticator 3/2 cached-reauth-period 259200
aaa port-access authenticator 3/3 reauth-period 3600
aaa port-access authenticator 3/3 client-limit 2
aaa port-access authenticator 3/3 cached-reauth-period 259200
aaa port-access authenticator 3/4 reauth-period 3600
aaa port-access authenticator 3/4 client-limit 2
aaa port-access authenticator 3/4 cached-reauth-period 259200
aaa port-access authenticator 3/5 reauth-period 3600
aaa port-access authenticator 3/5 client-limit 2
aaa port-access authenticator 3/5 cached-reauth-period 259200
aaa port-access authenticator 3/6 reauth-period 3600
aaa port-access authenticator 3/6 client-limit 2
aaa port-access authenticator 3/6 cached-reauth-period 259200
aaa port-access authenticator 3/7 reauth-period 3600
aaa port-access authenticator 3/7 client-limit 2
aaa port-access authenticator 3/7 cached-reauth-period 259200
aaa port-access authenticator 3/8 reauth-period 3600
aaa port-access authenticator 3/8 client-limit 2
aaa port-access authenticator 3/8 cached-reauth-period 259200
aaa port-access authenticator 3/9 reauth-period 3600
aaa port-access authenticator 3/9 client-limit 2
aaa port-access authenticator 3/9 cached-reauth-period 259200
aaa port-access authenticator 3/10 reauth-period 3600
aaa port-access authenticator 3/10 client-limit 2
aaa port-access authenticator 3/10 cached-reauth-period 259200
aaa port-access authenticator 3/11 reauth-period 3600
aaa port-access authenticator 3/11 client-limit 2
aaa port-access authenticator 3/11 cached-reauth-period 259200
aaa port-access authenticator 3/12 reauth-period 3600
aaa port-access authenticator 3/12 client-limit 2
aaa port-access authenticator 3/12 cached-reauth-period 259200
aaa port-access authenticator 3/13 reauth-period 3600
aaa port-access authenticator 3/13 client-limit 2
aaa port-access authenticator 3/13 cached-reauth-period 259200
aaa port-access authenticator 3/14 reauth-period 3600
aaa port-access authenticator 3/14 client-limit 2
aaa port-access authenticator 3/14 cached-reauth-period 259200
aaa port-access authenticator 3/15 reauth-period 3600
aaa port-access authenticator 3/15 client-limit 2
aaa port-access authenticator 3/15 cached-reauth-period 259200
aaa port-access authenticator 3/16 reauth-period 3600
aaa port-access authenticator 3/16 client-limit 2
aaa port-access authenticator 3/16 cached-reauth-period 259200
aaa port-access authenticator 3/17 reauth-period 3600
aaa port-access authenticator 3/17 client-limit 2
aaa port-access authenticator 3/17 cached-reauth-period 259200
aaa port-access authenticator 3/18 reauth-period 3600
aaa port-access authenticator 3/18 client-limit 2
aaa port-access authenticator 3/18 cached-reauth-period 259200
aaa port-access authenticator 3/19 reauth-period 3600
aaa port-access authenticator 3/19 client-limit 2
aaa port-access authenticator 3/19 cached-reauth-period 259200
aaa port-access authenticator cached-reauth-delay 3600
aaa port-access authenticator eap-id-compliance
aaa port-access authenticator active
aaa port-access mac-based 1/1 addr-limit 2
aaa port-access mac-based 1/1 reauth-period 3600
aaa port-access mac-based 1/1 unauth-vid 2
aaa port-access mac-based 1/1 cached-reauth-period 259200
aaa port-access mac-based 1/2 addr-limit 2
aaa port-access mac-based 1/2 reauth-period 3600
aaa port-access mac-based 1/2 unauth-vid 2
aaa port-access mac-based 1/2 cached-reauth-period 259200
aaa port-access mac-based 1/3 addr-limit 2
aaa port-access mac-based 1/3 reauth-period 3600
aaa port-access mac-based 1/3 unauth-vid 2
aaa port-access mac-based 1/3 cached-reauth-period 259200
aaa port-access mac-based 1/4 addr-limit 2
aaa port-access mac-based 1/4 reauth-period 3600
aaa port-access mac-based 1/4 unauth-vid 2
aaa port-access mac-based 1/4 cached-reauth-period 259200
aaa port-access mac-based 1/5 addr-limit 2
aaa port-access mac-based 1/5 reauth-period 3600
aaa port-access mac-based 1/5 unauth-vid 2
aaa port-access mac-based 1/5 cached-reauth-period 259200
aaa port-access mac-based 1/6 addr-limit 2
aaa port-access mac-based 1/6 reauth-period 3600
aaa port-access mac-based 1/6 unauth-vid 2
aaa port-access mac-based 1/6 cached-reauth-period 259200
aaa port-access mac-based 1/7 addr-limit 2
aaa port-access mac-based 1/7 reauth-period 3600
aaa port-access mac-based 1/7 unauth-vid 2
aaa port-access mac-based 1/7 cached-reauth-period 259200
aaa port-access mac-based 1/8 addr-limit 2
aaa port-access mac-based 1/8 reauth-period 3600
aaa port-access mac-based 1/8 unauth-vid 2
aaa port-access mac-based 1/8 cached-reauth-period 259200
aaa port-access mac-based 1/9 addr-limit 2
aaa port-access mac-based 1/9 reauth-period 3600
aaa port-access mac-based 1/9 unauth-vid 2
aaa port-access mac-based 1/9 cached-reauth-period 259200
aaa port-access mac-based 1/10 addr-limit 2
aaa port-access mac-based 1/10 reauth-period 3600
aaa port-access mac-based 1/10 unauth-vid 2
aaa port-access mac-based 1/10 cached-reauth-period 259200
aaa port-access mac-based 1/11 addr-limit 2
aaa port-access mac-based 1/11 reauth-period 3600
aaa port-access mac-based 1/11 unauth-vid 2
aaa port-access mac-based 1/11 cached-reauth-period 259200
aaa port-access mac-based 1/12 addr-limit 2
aaa port-access mac-based 1/12 reauth-period 3600
aaa port-access mac-based 1/12 unauth-vid 2
aaa port-access mac-based 1/12 cached-reauth-period 259200
aaa port-access mac-based 1/13 addr-limit 2
aaa port-access mac-based 1/13 reauth-period 3600
aaa port-access mac-based 1/13 unauth-vid 2
aaa port-access mac-based 1/13 cached-reauth-period 259200
aaa port-access mac-based 1/14 addr-limit 2
aaa port-access mac-based 1/14 reauth-period 3600
aaa port-access mac-based 1/14 unauth-vid 2
aaa port-access mac-based 1/14 cached-reauth-period 259200
aaa port-access mac-based 1/15 addr-limit 2
aaa port-access mac-based 1/15 reauth-period 3600
aaa port-access mac-based 1/15 unauth-vid 2
aaa port-access mac-based 1/15 cached-reauth-period 259200
aaa port-access mac-based 1/16 addr-limit 2
aaa port-access mac-based 1/16 reauth-period 3600
aaa port-access mac-based 1/16 unauth-vid 2
aaa port-access mac-based 1/16 cached-reauth-period 259200
aaa port-access mac-based 1/17 addr-limit 2
aaa port-access mac-based 1/17 reauth-period 3600
aaa port-access mac-based 1/17 unauth-vid 2
aaa port-access mac-based 1/17 cached-reauth-period 259200
aaa port-access mac-based 1/18 addr-limit 2
aaa port-access mac-based 1/18 reauth-period 3600
aaa port-access mac-based 1/18 unauth-vid 2
aaa port-access mac-based 1/18 cached-reauth-period 259200
aaa port-access mac-based 1/19 addr-limit 2
aaa port-access mac-based 1/19 reauth-period 3600
aaa port-access mac-based 1/19 unauth-vid 2
aaa port-access mac-based 1/19 cached-reauth-period 259200
aaa port-access mac-based 2/1 addr-limit 2
aaa port-access mac-based 2/1 reauth-period 3600
aaa port-access mac-based 2/1 unauth-vid 2
aaa port-access mac-based 2/1 cached-reauth-period 259200
aaa port-access mac-based 2/2 addr-limit 2
aaa port-access mac-based 2/2 reauth-period 3600
aaa port-access mac-based 2/2 unauth-vid 2
aaa port-access mac-based 2/2 cached-reauth-period 259200
aaa port-access mac-based 2/3 addr-limit 2
aaa port-access mac-based 2/3 reauth-period 3600
aaa port-access mac-based 2/3 unauth-vid 2
aaa port-access mac-based 2/3 cached-reauth-period 259200
aaa port-access mac-based 2/4 addr-limit 2
aaa port-access mac-based 2/4 reauth-period 3600
aaa port-access mac-based 2/4 unauth-vid 2
aaa port-access mac-based 2/4 cached-reauth-period 259200
aaa port-access mac-based 2/5 addr-limit 2
aaa port-access mac-based 2/5 reauth-period 3600
aaa port-access mac-based 2/5 unauth-vid 2
aaa port-access mac-based 2/5 cached-reauth-period 259200
aaa port-access mac-based 2/6 addr-limit 2
aaa port-access mac-based 2/6 reauth-period 3600
aaa port-access mac-based 2/6 unauth-vid 2
aaa port-access mac-based 2/6 cached-reauth-period 259200
aaa port-access mac-based 2/7 addr-limit 2
aaa port-access mac-based 2/7 reauth-period 3600
aaa port-access mac-based 2/7 unauth-vid 2
aaa port-access mac-based 2/7 cached-reauth-period 259200
aaa port-access mac-based 2/8 addr-limit 2
aaa port-access mac-based 2/8 reauth-period 3600
aaa port-access mac-based 2/8 unauth-vid 2
aaa port-access mac-based 2/8 cached-reauth-period 259200
aaa port-access mac-based 2/9 addr-limit 2
aaa port-access mac-based 2/9 reauth-period 3600
aaa port-access mac-based 2/9 unauth-vid 2
aaa port-access mac-based 2/9 cached-reauth-period 259200
aaa port-access mac-based 2/10 addr-limit 2
aaa port-access mac-based 2/10 reauth-period 3600
aaa port-access mac-based 2/10 unauth-vid 2
aaa port-access mac-based 2/10 cached-reauth-period 259200
aaa port-access mac-based 2/11 addr-limit 2
aaa port-access mac-based 2/11 reauth-period 3600
aaa port-access mac-based 2/11 unauth-vid 2
aaa port-access mac-based 2/11 cached-reauth-period 259200
aaa port-access mac-based 2/12 addr-limit 2
aaa port-access mac-based 2/12 reauth-period 3600
aaa port-access mac-based 2/12 unauth-vid 2
aaa port-access mac-based 2/12 cached-reauth-period 259200
aaa port-access mac-based 2/13 addr-limit 2
aaa port-access mac-based 2/13 reauth-period 3600
aaa port-access mac-based 2/13 unauth-vid 2
aaa port-access mac-based 2/13 cached-reauth-period 259200
aaa port-access mac-based 2/14 addr-limit 2
aaa port-access mac-based 2/14 reauth-period 3600
aaa port-access mac-based 2/14 unauth-vid 2
aaa port-access mac-based 2/14 cached-reauth-period 259200
aaa port-access mac-based 2/15 addr-limit 2
aaa port-access mac-based 2/15 reauth-period 3600
aaa port-access mac-based 2/15 unauth-vid 2
aaa port-access mac-based 2/15 cached-reauth-period 259200
aaa port-access mac-based 2/16 addr-limit 2
aaa port-access mac-based 2/16 reauth-period 3600
aaa port-access mac-based 2/16 unauth-vid 2
aaa port-access mac-based 2/16 cached-reauth-period 259200
aaa port-access mac-based 2/17 addr-limit 2
aaa port-access mac-based 2/17 reauth-period 3600
aaa port-access mac-based 2/17 unauth-vid 2
aaa port-access mac-based 2/17 cached-reauth-period 259200
aaa port-access mac-based 2/18 addr-limit 2
aaa port-access mac-based 2/18 reauth-period 3600
aaa port-access mac-based 2/18 unauth-vid 2
aaa port-access mac-based 2/18 cached-reauth-period 259200
aaa port-access mac-based 2/19 addr-limit 2
aaa port-access mac-based 2/19 reauth-period 3600
aaa port-access mac-based 2/19 unauth-vid 2
aaa port-access mac-based 2/19 cached-reauth-period 259200
aaa port-access mac-based 3/1 addr-limit 2
aaa port-access mac-based 3/1 reauth-period 3600
aaa port-access mac-based 3/1 unauth-vid 2
aaa port-access mac-based 3/1 cached-reauth-period 259200
aaa port-access mac-based 3/2 addr-limit 2
aaa port-access mac-based 3/2 reauth-period 3600
aaa port-access mac-based 3/2 unauth-vid 2
aaa port-access mac-based 3/2 cached-reauth-period 259200
aaa port-access mac-based 3/3 addr-limit 2
aaa port-access mac-based 3/3 reauth-period 3600
aaa port-access mac-based 3/3 unauth-vid 2
aaa port-access mac-based 3/3 cached-reauth-period 259200
aaa port-access mac-based 3/4 addr-limit 2
aaa port-access mac-based 3/4 reauth-period 3600
aaa port-access mac-based 3/4 unauth-vid 2
aaa port-access mac-based 3/4 cached-reauth-period 259200
aaa port-access mac-based 3/5 addr-limit 2
aaa port-access mac-based 3/5 reauth-period 3600
aaa port-access mac-based 3/5 unauth-vid 2
aaa port-access mac-based 3/5 cached-reauth-period 259200
aaa port-access mac-based 3/6 addr-limit 2
aaa port-access mac-based 3/6 reauth-period 3600
aaa port-access mac-based 3/6 unauth-vid 2
aaa port-access mac-based 3/6 cached-reauth-period 259200
aaa port-access mac-based 3/7 addr-limit 2
aaa port-access mac-based 3/7 reauth-period 3600
aaa port-access mac-based 3/7 unauth-vid 2
aaa port-access mac-based 3/7 cached-reauth-period 259200
aaa port-access mac-based 3/8 addr-limit 2
aaa port-access mac-based 3/8 reauth-period 3600
aaa port-access mac-based 3/8 unauth-vid 2
aaa port-access mac-based 3/8 cached-reauth-period 259200
aaa port-access mac-based 3/9 addr-limit 2
aaa port-access mac-based 3/9 reauth-period 3600
aaa port-access mac-based 3/9 unauth-vid 2
aaa port-access mac-based 3/9 cached-reauth-period 259200
aaa port-access mac-based 3/10 addr-limit 2
aaa port-access mac-based 3/10 reauth-period 3600
aaa port-access mac-based 3/10 unauth-vid 2
aaa port-access mac-based 3/10 cached-reauth-period 259200
aaa port-access mac-based 3/11 addr-limit 2
aaa port-access mac-based 3/11 reauth-period 3600
aaa port-access mac-based 3/11 unauth-vid 2
aaa port-access mac-based 3/11 cached-reauth-period 259200
aaa port-access mac-based 3/12 addr-limit 2
aaa port-access mac-based 3/12 reauth-period 3600
aaa port-access mac-based 3/12 unauth-vid 2
aaa port-access mac-based 3/12 cached-reauth-period 259200
aaa port-access mac-based 3/13 addr-limit 2
aaa port-access mac-based 3/13 reauth-period 3600
aaa port-access mac-based 3/13 unauth-vid 2
aaa port-access mac-based 3/13 cached-reauth-period 259200
aaa port-access mac-based 3/14 addr-limit 2
aaa port-access mac-based 3/14 reauth-period 3600
aaa port-access mac-based 3/14 unauth-vid 2
aaa port-access mac-based 3/14 cached-reauth-period 259200
aaa port-access mac-based 3/15 addr-limit 2
aaa port-access mac-based 3/15 reauth-period 3600
aaa port-access mac-based 3/15 unauth-vid 2
aaa port-access mac-based 3/15 cached-reauth-period 259200
aaa port-access mac-based 3/16 addr-limit 2
aaa port-access mac-based 3/16 reauth-period 3600
aaa port-access mac-based 3/16 unauth-vid 2
aaa port-access mac-based 3/16 cached-reauth-period 259200
aaa port-access mac-based 3/17 addr-limit 2
aaa port-access mac-based 3/17 reauth-period 3600
aaa port-access mac-based 3/17 unauth-vid 2
aaa port-access mac-based 3/17 cached-reauth-period 259200
aaa port-access mac-based 3/18 addr-limit 2
aaa port-access mac-based 3/18 reauth-period 3600
aaa port-access mac-based 3/18 unauth-vid 2
aaa port-access mac-based 3/18 cached-reauth-period 259200
aaa port-access mac-based 3/19 addr-limit 2
aaa port-access mac-based 3/19 reauth-period 3600
aaa port-access mac-based 3/19 unauth-vid 2
aaa port-access mac-based 3/19 cached-reauth-period 259200
aaa port-access mac-based addr-format single-dash
aaa port-access 1/1 controlled-direction in
aaa port-access 1/1 mixed
aaa port-access 1/2 controlled-direction in
aaa port-access 1/2 mixed
aaa port-access 1/3 controlled-direction in
aaa port-access 1/3 mixed
aaa port-access 1/4 controlled-direction in
aaa port-access 1/4 mixed
aaa port-access 1/5 controlled-direction in
aaa port-access 1/5 mixed
aaa port-access 1/6 controlled-direction in
aaa port-access 1/6 mixed
aaa port-access 1/7 controlled-direction in
aaa port-access 1/7 mixed
aaa port-access 1/8 controlled-direction in
aaa port-access 1/8 mixed
aaa port-access 1/9 controlled-direction in
aaa port-access 1/9 mixed
aaa port-access 1/10 controlled-direction in
aaa port-access 1/10 mixed
aaa port-access 1/11 controlled-direction in
aaa port-access 1/11 mixed
aaa port-access 1/12 controlled-direction in
aaa port-access 1/12 mixed
aaa port-access 1/13 controlled-direction in
aaa port-access 1/13 mixed
aaa port-access 1/14 controlled-direction in
aaa port-access 1/14 mixed
aaa port-access 1/15 controlled-direction in
aaa port-access 1/15 mixed
aaa port-access 1/16 controlled-direction in
aaa port-access 1/16 mixed
aaa port-access 1/17 controlled-direction in
aaa port-access 1/18 controlled-direction in
aaa port-access 1/18 mixed
aaa port-access 1/19 controlled-direction in
aaa port-access 2/1 controlled-direction in
aaa port-access 2/1 mixed
aaa port-access 2/2 controlled-direction in
aaa port-access 2/2 mixed
aaa port-access 2/3 controlled-direction in
aaa port-access 2/3 mixed
aaa port-access 2/4 controlled-direction in
aaa port-access 2/4 mixed
aaa port-access 2/5 controlled-direction in
aaa port-access 2/5 mixed
aaa port-access 2/6 controlled-direction in
aaa port-access 2/6 mixed
aaa port-access 2/7 controlled-direction in
aaa port-access 2/7 mixed
aaa port-access 2/8 controlled-direction in
aaa port-access 2/8 mixed
aaa port-access 2/9 controlled-direction in
aaa port-access 2/9 mixed
aaa port-access 2/10 controlled-direction in
aaa port-access 2/10 mixed
aaa port-access 2/11 controlled-direction in
aaa port-access 2/11 mixed
aaa port-access 2/12 controlled-direction in
aaa port-access 2/12 mixed
aaa port-access 2/13 controlled-direction in
aaa port-access 2/13 mixed
aaa port-access 2/14 controlled-direction in
aaa port-access 2/14 mixed
aaa port-access 2/15 controlled-direction in
aaa port-access 2/15 mixed
aaa port-access 2/16 controlled-direction in
aaa port-access 2/16 mixed
aaa port-access 2/17 controlled-direction in
aaa port-access 2/17 mixed
aaa port-access 2/18 controlled-direction in
aaa port-access 2/18 mixed
aaa port-access 2/19 controlled-direction in
aaa port-access 2/19 mixed
aaa port-access 3/1 controlled-direction in
aaa port-access 3/1 mixed
aaa port-access 3/2 controlled-direction in
aaa port-access 3/2 mixed
aaa port-access 3/3 controlled-direction in
aaa port-access 3/3 mixed
aaa port-access 3/4 controlled-direction in
aaa port-access 3/4 mixed
aaa port-access 3/5 controlled-direction in
aaa port-access 3/5 mixed
aaa port-access 3/6 controlled-direction in
aaa port-access 3/6 mixed
aaa port-access 3/7 controlled-direction in
aaa port-access 3/7 mixed
aaa port-access 3/8 controlled-direction in
aaa port-access 3/8 mixed
aaa port-access 3/9 controlled-direction in
aaa port-access 3/9 mixed
aaa port-access 3/10 controlled-direction in
aaa port-access 3/10 mixed
aaa port-access 3/11 controlled-direction in
aaa port-access 3/11 mixed
aaa port-access 3/12 controlled-direction in
aaa port-access 3/12 mixed
aaa port-access 3/13 controlled-direction in
aaa port-access 3/13 mixed
aaa port-access 3/14 controlled-direction in
aaa port-access 3/14 mixed
aaa port-access 3/15 controlled-direction in
aaa port-access 3/15 mixed
aaa port-access 3/16 controlled-direction in
aaa port-access 3/16 mixed
aaa port-access 3/17 controlled-direction in
aaa port-access 3/17 mixed
aaa port-access 3/18 controlled-direction in
aaa port-access 3/18 mixed
aaa port-access 3/19 controlled-direction in
aaa port-access 3/19 mixed
oobm
   ip address dhcp-bootp
   member 1
      ip address dhcp-bootp
      exit
   member 2
      ip address dhcp-bootp
      exit
   member 3
      ip address dhcp-bootp
      exit
   exit
vlan 1
   name "DEFAULT_VLAN"
   no untagged 1/1-1/23,2/1-2/23,3/1-3/23
   untagged Trk1
   no ip address
   exit
vlan 2
   name "STORE-NETWORK-VLAN"
   tagged 1/17,1/19-1/23,2/20-2/23,3/20-3/23,Trk1
   no ip address
   ip igmp
   exit
vlan 10
   name "NAC-STAGING-VLAN"
   tagged Trk1
   no ip address
   exit
vlan 12
   name "ORANGE12-WIRELESS-VLAN"
   tagged 1/17,1/19-1/23,2/20-2/23,3/20-3/23,Trk1
   no ip address
   ip igmp
   exit
vlan 13
   name "CARBON-802.1X-WIRELESS-VLAN"
   tagged 1/17,1/19-1/23,2/20-2/23,3/20-3/23,Trk1
   no ip address
   ip igmp
   exit
vlan 14
   name "STEEL-WIRELESS-VLAN"
   tagged 1/17,1/19-1/23,2/20-2/23,3/20-3/23,Trk1
   no ip address
   ip igmp
   exit
vlan 15
   name "SPRUCE-WIRELESS-VLAN"
   tagged 1/17,1/19-1/23,2/20-2/23,3/20-3/23,Trk1
   no ip address
   ip igmp
   exit
vlan 19
   name "AT&T-PUBLIC-WIFI-VLAN"
   tagged 1/17,1/19-1/23,2/20-2/23,3/20-3/23,Trk1
   no ip address
   exit
vlan 25
   name "RESERVED-VLAN"
   tagged 1/17,1/19-1/23,2/20-2/23,3/20-3/23,Trk1
   no ip address
   ip igmp
   exit
vlan 26
   name "DEMOPOOL2-VLAN"
   tagged 1/17,1/19-1/23,2/20-2/23,3/20-3/23,Trk1
   no ip address
   ip igmp
   exit
vlan 30
   name "POS-VLAN"
   tagged Trk1
   no ip address
   ip igmp
   exit
vlan 44
   name "IP-CAMERA-VLAN"
   tagged Trk1
   no ip address
   ip igmp
   exit
vlan 55
   name "VLAN55"
   no ip address
   exit
vlan 77
   name "INTERNET-ACCESS-VLAN"
   tagged Trk1
   no ip address
   ip igmp
   exit
vlan 90
   name "FORTIGATE-MGMT-VLAN"
   tagged Trk1
   no ip address
   ip igmp
   exit
vlan 150
   name "CorpSec-Cameras "
   untagged 1/18,1/21
   tagged Trk1
   no ip address
   ip igmp
   exit
vlan 190
   name "SDW-PUB-WIFI-VPN30"
   tagged 1/17,1/19-1/23,2/20-2/23,3/20-3/23,Trk1
   no ip address
   exit
vlan 260
   name "SDW-IOT-VPN20"
   tagged 1/17,1/19-1/23,2/20-2/23,3/20-3/23,Trk1
   no ip address
   exit
vlan 555
   name "VOICE-VLAN"
   tagged 1/21,Trk1
   no ip address
   ip igmp
   voice
   exit
vlan 600
   name "Train Corp Sec"
   untagged 1/7,1/15-1/17,1/19-1/20,1/22,2/17,2/19,3/4-3/6,3/14-3/16,3/18-3/19
   tagged Trk1
   no ip address
   ip igmp
   exit
vlan 602
   name "Train Ctr Data"
   untagged 1/1-1/6,1/8-1/14,2/2-2/16,2/18,3/1-3/3,3/7-3/13,3/17
   tagged Trk1
   no ip address
   ip igmp
   exit
vlan 655
   name "Train Ctr VoIP"
   untagged 2/1
   tagged 1/1-1/15,2/2-2/16,2/18,3/1-3/18,Trk1
   no ip address
   ip igmp
   voice
   exit
vlan 802
   name "THD-MGMT-VLAN"
   untagged 1/23,2/20-2/23,3/20-3/23
   tagged Trk1
   ip address 10.162.53.139 255.255.255.128
   ip igmp
   exit
vlan 815
   name "AT&T-INTERNET"
   tagged 1/17,1/19-1/23,2/20-2/23,3/20-3/23,Trk1
   no ip address
   exit
vlan 4093
   name "AT&T-AWE-MGMT-VLAN"
   tagged 1/17,1/19-1/23,2/20-2/23,3/20-3/23,Trk1
   ip address 10.16.26.88 255.255.255.240
   exit
primary-vlan 802
spanning-tree 1/1 bpdu-protection
spanning-tree 1/2 bpdu-protection
spanning-tree 1/3 bpdu-protection
spanning-tree 1/4 bpdu-protection
spanning-tree 1/5 bpdu-protection
spanning-tree 1/6 bpdu-protection
spanning-tree 1/7 bpdu-protection
spanning-tree 1/8 bpdu-protection
spanning-tree 1/9 bpdu-protection
spanning-tree 1/10 bpdu-protection
spanning-tree 1/11 bpdu-protection
spanning-tree 1/12 bpdu-protection
spanning-tree 1/13 bpdu-protection
spanning-tree 1/14 bpdu-protection
spanning-tree 1/15 bpdu-protection
spanning-tree 1/16 bpdu-protection
spanning-tree 1/17 bpdu-protection
spanning-tree 1/18 bpdu-protection
spanning-tree 1/19 bpdu-protection
spanning-tree 1/20 bpdu-protection
spanning-tree 1/21 bpdu-protection
spanning-tree 1/22 bpdu-protection
spanning-tree 1/23 bpdu-protection
spanning-tree 2/1 bpdu-protection
spanning-tree 2/2 bpdu-protection
spanning-tree 2/3 bpdu-protection
spanning-tree 2/4 bpdu-protection
spanning-tree 2/5 bpdu-protection
spanning-tree 2/6 bpdu-protection
spanning-tree 2/7 bpdu-protection
spanning-tree 2/8 bpdu-protection
spanning-tree 2/9 bpdu-protection
spanning-tree 2/10 bpdu-protection
spanning-tree 2/11 bpdu-protection
spanning-tree 2/12 bpdu-protection
spanning-tree 2/13 bpdu-protection
spanning-tree 2/14 bpdu-protection
spanning-tree 2/15 bpdu-protection
spanning-tree 2/16 bpdu-protection
spanning-tree 2/17 bpdu-protection
spanning-tree 2/18 bpdu-protection
spanning-tree 2/19 bpdu-protection
spanning-tree 2/20 bpdu-protection
spanning-tree 2/21 bpdu-protection
spanning-tree 2/22 bpdu-protection
spanning-tree 2/23 bpdu-protection
spanning-tree 3/1 bpdu-protection
spanning-tree 3/2 bpdu-protection
spanning-tree 3/3 bpdu-protection
spanning-tree 3/4 bpdu-protection
spanning-tree 3/5 bpdu-protection
spanning-tree 3/6 bpdu-protection
spanning-tree 3/7 bpdu-protection
spanning-tree 3/8 bpdu-protection
spanning-tree 3/9 bpdu-protection
spanning-tree 3/10 bpdu-protection
spanning-tree 3/11 bpdu-protection
spanning-tree 3/12 bpdu-protection
spanning-tree 3/13 bpdu-protection
spanning-tree 3/14 bpdu-protection
spanning-tree 3/15 bpdu-protection
spanning-tree 3/16 bpdu-protection
spanning-tree 3/17 bpdu-protection
spanning-tree 3/18 bpdu-protection
spanning-tree 3/19 bpdu-protection
spanning-tree 3/20 bpdu-protection
spanning-tree 3/21 bpdu-protection
spanning-tree 3/22 bpdu-protection
spanning-tree 3/23 bpdu-protection
spanning-tree Trk1 priority 4
no tftp server
loop-protect 1/1-1/23,2/1-2/23,3/1-3/23
arp-protect
arp-protect vlan 2 10 12-15 25-26 30 44 77 90 555 
no autorun
no dhcp config-file-update
no dhcp image-file-update
device-profile name "default-ap-profile"
   cos 0
   exit
activate software-update disable


Running configuration:

interface 3/8
   name "Train Corp Sec"
   tagged vlan 655
   untagged vlan 602
   aaa port-access authenticator reauth-period 3600
   aaa port-access authenticator client-limit 2
   aaa port-access authenticator cached-reauth-period 259200
   aaa port-access mac-based addr-limit 2
   aaa port-access mac-based reauth-period 3600
   aaa port-access mac-based unauth-vid 2
   aaa port-access mac-based cached-reauth-period 259200
   aaa port-access controlled-direction in
   aaa port-access mixed
   spanning-tree bpdu-protection
   loop-protect
   exit

Connection to 10.16.26.88 closed by remote host.
Connection to 10.16.26.88 closed.
